<?xml version="1.0" encoding="UTF-8"?>
<testsuite name="algorithm.whiteboarding.WhiteBoardingWeekSixTest" tests="1" skipped="0" failures="0" errors="0" timestamp="2021-02-10T10:33:14" hostname="macs-MacBook-Pro.local" time="0.007">
  <properties/>
  <testcase name="whiteBoardingSixSolutionReturnOneWhenArrayIsEmpty" classname="algorithm.whiteboarding.WhiteBoardingWeekSixTest" time="0.007"/>
  <system-out><![CDATA[startTime: 0:00
endTime: 0.003000020980834961
]]></system-out>
  <system-err><![CDATA[]]></system-err>
</testsuite>
